<?xml version="1.0" encoding="UTF-8"?>
<!-- Generated by org.testng.reporters.JUnitXMLReporter -->
<testsuite ignored="0" hostname="12LAP5CG9315CFG" failures="0" tests="6" name="Default test" time="4.921" errors="0" timestamp="2024-06-07T12:21:01 CEST">
  <testcase classname="it.smartpaper.RestAssuredTest.RestAssuredTestII" name="AuthenticationBasics" time="2.308"/>
  <testcase classname="it.smartpaper.RestAssuredTest.RestAssuredTestII" name="UserRegistration" time="0.293"/>
  <testcase classname="it.smartpaper.RestAssuredTest.RestAssuredTestII" name="UserRegistrationDese" time="0.268"/>
  <testcase classname="it.smartpaper.RestAssuredTest.RestAssuredTestII" name="UserRegistrationSerializz" time="0.284"/>
  <testcase classname="it.smartpaper.RestAssuredTest.RestAssuredTestII" name="getData" time="0.932"/>
  <testcase classname="it.smartpaper.RestAssuredTest.RestAssuredTestII" name="getUserData" time="0.759"/>
</testsuite> <!-- Default test -->
