<?xml version="1.0" encoding="UTF-8"?>
<!-- Generated by org.testng.reporters.JUnitXMLReporter -->
<testsuite ignored="8" hostname="12LAP5CG9315CFG" failures="0" tests="1" name="Default test" time="3.07" errors="0" timestamp="2024-06-06T14:04:56 CEST">
  <testcase classname="it.smartpaper.RestAssuredTest.RestAssuredTest" name="queryParameter" time="3.008"/>
  <testcase classname="it.smartpaper.RestAssuredTest.RestAssuredTest" name="GetBooksDetails" time="0.0">
    <ignored/>
  </testcase> <!-- GetBooksDetails -->
  <testcase classname="it.smartpaper.RestAssuredTest.RestAssuredTest" name="GetBookHeaders" time="0.0">
    <ignored/>
  </testcase> <!-- GetBookHeaders -->
  <testcase classname="it.smartpaper.RestAssuredTest.RestAssuredTest" name="GetBookResponse" time="0.0">
    <ignored/>
  </testcase> <!-- GetBookResponse -->
  <testcase classname="it.smartpaper.RestAssuredTest.RestAssuredTest" name="WeatherMessageTest" time="0.0">
    <ignored/>
  </testcase> <!-- WeatherMessageTest -->
  <testcase classname="it.smartpaper.RestAssuredTest.RestAssuredTest" name="VerifyCityInJsonResponse" time="0.0">
    <ignored/>
  </testcase> <!-- VerifyCityInJsonResponse -->
  <testcase classname="it.smartpaper.RestAssuredTest.RestAssuredTest" name="IteratingHeaders" time="0.0">
    <ignored/>
  </testcase> <!-- IteratingHeaders -->
  <testcase classname="it.smartpaper.RestAssuredTest.RestAssuredTest" name="ValidateBookHeaders" time="0.0">
    <ignored/>
  </testcase> <!-- ValidateBookHeaders -->
  <testcase classname="it.smartpaper.RestAssuredTest.RestAssuredTest" name="WeatherMessageBody" time="0.0">
    <ignored/>
  </testcase> <!-- WeatherMessageBody -->
</testsuite> <!-- Default test -->
