<?xml version="1.0" encoding="UTF-8"?>
<testng-results ignored="0" total="1" passed="1" failed="0" skipped="0">
  <reporter-output>
  </reporter-output>
  <suite started-at="2024-06-06T14:04:52 CEST" name="Default suite" finished-at="2024-06-06T14:04:56 CEST" duration-ms="3070">
    <groups>
    </groups>
    <test started-at="2024-06-06T14:04:52 CEST" name="Default test" finished-at="2024-06-06T14:04:56 CEST" duration-ms="3070">
      <class name="it.smartpaper.RestAssuredTest.RestAssuredTest">
        <test-method signature="queryParameter()[pri:0, instance:it.smartpaper.RestAssuredTest.RestAssuredTest@5af3a0f]" started-at="2024-06-06T14:04:52 CEST" name="queryParameter" finished-at="2024-06-06T14:04:55 CEST" duration-ms="3008" status="PASS">
          <reporter-output>
          </reporter-output>
        </test-method> <!-- queryParameter -->
      </class> <!-- it.smartpaper.RestAssuredTest.RestAssuredTest -->
    </test> <!-- Default test -->
  </suite> <!-- Default suite -->
</testng-results>
