<?xml version="1.0" encoding="UTF-8"?>
<testng-results ignored="0" total="2" passed="2" failed="0" skipped="0">
  <reporter-output>
  </reporter-output>
  <suite started-at="2024-06-10T10:10:08 CEST" name="Default suite" finished-at="2024-06-10T10:10:08 CEST" duration-ms="115">
    <groups>
    </groups>
    <test started-at="2024-06-10T10:10:08 CEST" name="Default test" finished-at="2024-06-10T10:10:08 CEST" duration-ms="115">
      <class name="it.smartpaper.TestUtilità.JsonTest">
        <test-method signature="testWriteJSON()[pri:0, instance:it.smartpaper.TestUtilità.JsonTest@48aca48b]" started-at="2024-06-10T10:10:08 CEST" name="testWriteJSON" finished-at="2024-06-10T10:10:08 CEST" duration-ms="24" status="PASS">
          <reporter-output>
          </reporter-output>
        </test-method> <!-- testWriteJSON -->
        <test-method signature="testReadJSON()[pri:0, instance:it.smartpaper.TestUtilità.JsonTest@48aca48b]" started-at="2024-06-10T10:10:08 CEST" name="testReadJSON" finished-at="2024-06-10T10:10:08 CEST" depends-on-methods="it.smartpaper.TestUtilità.JsonTest.testWriteJSON" duration-ms="16" status="PASS">
          <reporter-output>
          </reporter-output>
        </test-method> <!-- testReadJSON -->
      </class> <!-- it.smartpaper.TestUtilità.JsonTest -->
    </test> <!-- Default test -->
  </suite> <!-- Default suite -->
</testng-results>
