<?xml version="1.0" encoding="UTF-8"?>
<testng-results ignored="0" total="6" passed="6" failed="0" skipped="0">
  <reporter-output>
  </reporter-output>
  <suite started-at="2024-06-07T12:20:55 CEST" name="Default suite" finished-at="2024-06-07T12:21:00 CEST" duration-ms="4921">
    <groups>
    </groups>
    <test started-at="2024-06-07T12:20:55 CEST" name="Default test" finished-at="2024-06-07T12:21:00 CEST" duration-ms="4921">
      <class name="it.smartpaper.RestAssuredTest.RestAssuredTestII">
        <test-method signature="AuthenticationBasics()[pri:0, instance:it.smartpaper.RestAssuredTest.RestAssuredTestII@2e385cce]" started-at="2024-06-07T12:20:56 CEST" name="AuthenticationBasics" finished-at="2024-06-07T12:20:58 CEST" duration-ms="2308" status="PASS">
          <reporter-output>
          </reporter-output>
        </test-method> <!-- AuthenticationBasics -->
        <test-method signature="UserRegistration()[pri:0, instance:it.smartpaper.RestAssuredTest.RestAssuredTestII@2e385cce]" started-at="2024-06-07T12:20:58 CEST" name="UserRegistration" finished-at="2024-06-07T12:20:58 CEST" duration-ms="293" status="PASS">
          <reporter-output>
          </reporter-output>
        </test-method> <!-- UserRegistration -->
        <test-method signature="UserRegistrationDese()[pri:0, instance:it.smartpaper.RestAssuredTest.RestAssuredTestII@2e385cce]" started-at="2024-06-07T12:20:58 CEST" name="UserRegistrationDese" finished-at="2024-06-07T12:20:58 CEST" duration-ms="268" status="PASS">
          <reporter-output>
          </reporter-output>
        </test-method> <!-- UserRegistrationDese -->
        <test-method signature="UserRegistrationSerializz()[pri:0, instance:it.smartpaper.RestAssuredTest.RestAssuredTestII@2e385cce]" started-at="2024-06-07T12:20:58 CEST" name="UserRegistrationSerializz" finished-at="2024-06-07T12:20:59 CEST" duration-ms="284" status="PASS">
          <reporter-output>
          </reporter-output>
        </test-method> <!-- UserRegistrationSerializz -->
        <test-method signature="getData()[pri:0, instance:it.smartpaper.RestAssuredTest.RestAssuredTestII@2e385cce]" started-at="2024-06-07T12:20:59 CEST" name="getData" finished-at="2024-06-07T12:21:00 CEST" duration-ms="932" status="PASS">
          <reporter-output>
          </reporter-output>
        </test-method> <!-- getData -->
        <test-method signature="getUserData()[pri:0, instance:it.smartpaper.RestAssuredTest.RestAssuredTestII@2e385cce]" started-at="2024-06-07T12:21:00 CEST" name="getUserData" finished-at="2024-06-07T12:21:00 CEST" duration-ms="759" status="PASS">
          <reporter-output>
          </reporter-output>
        </test-method> <!-- getUserData -->
      </class> <!-- it.smartpaper.RestAssuredTest.RestAssuredTestII -->
    </test> <!-- Default test -->
  </suite> <!-- Default suite -->
</testng-results>
